{
  "RSpec": {
    "coverage": {
      "/Users/rostammahabadi/Mod3/represent/app/controllers/home_controller.rb": {
        "lines": [
          1,
          1,
          1,
          null,
          null
        ]
      },
      "/Users/rostammahabadi/Mod3/represent/app/controllers/application_controller.rb": {
        "lines": [
          1,
          1,
          null,
          1,
          null,
          1,
          0,
          null,
          null
        ]
      }
    },
    "timestamp": 1595780951
  }
}
