{
  "RSpec": {
    "coverage": {
      "/Users/rostammahabadi/Mod3/represent/spec/features/representatives/representative_index_spec.rb": {
        "lines": [
          1,
          null,
          1,
          1,
          1,
          3,
          3,
          3,
          3,
          3,
          3,
          3,
          3,
          3,
          3,
          null,
          3,
          3,
          3,
          3,
          null,
          null,
          1,
          1,
          1,
          null,
          1,
          1,
          null,
          1,
          1,
          null,
          null,
          1,
          1,
          null,
          1,
          null,
          1,
          1,
          1,
          null,
          null,
          null,
          1,
          1,
          null,
          1,
          null,
          1,
          1,
          1,
          null,
          null,
          null,
          null,
          null
        ]
      },
      "/Users/rostammahabadi/Mod3/represent/spec/features/representatives/representatives_show_spec.rb": {
        "lines": [
          1,
          null,
          1,
          1,
          1,
          1,
          1,
          1,
          null,
          1,
          null,
          1,
          1,
          1,
          1,
          1,
          1,
          null,
          1,
          1,
          1,
          1,
          1,
          1,
          1,
          1,
          1,
          1,
          1,
          1,
          1,
          1,
          1,
          1,
          1,
          1,
          1,
          1,
          1,
          1,
          null,
          1,
          null,
          null,
          1,
          1,
          1,
          1,
          1,
          null,
          1,
          null,
          1,
          1,
          1,
          1,
          1,
          1,
          null,
          1,
          1,
          1,
          1,
          1,
          1,
          1,
          1,
          1,
          1,
          1,
          1,
          1,
          1,
          1,
          1,
          1,
          1,
          1,
          1,
          1,
          1,
          1,
          null,
          null,
          1,
          1,
          1,
          1,
          1,
          1,
          1,
          1,
          1,
          1,
          1,
          1,
          1,
          1,
          null,
          null
        ]
      },
      "/Users/rostammahabadi/Mod3/represent/spec/features/senators/show_side_nav_bar_spec.rb": {
        "lines": [
          1,
          null,
          1,
          1,
          1,
          1,
          1,
          1,
          1,
          1,
          1,
          1,
          1,
          1,
          1,
          1,
          1,
          null,
          null
        ]
      },
      "/Users/rostammahabadi/Mod3/represent/spec/features/user_dashboard/nav_bar_spec.rb": {
        "lines": [
          1,
          null,
          1,
          1,
          1,
          2,
          null,
          2,
          null,
          null,
          1,
          1,
          null,
          1,
          null,
          1,
          1,
          1,
          1,
          1,
          1,
          1,
          null,
          1,
          1,
          null,
          1,
          null,
          1,
          1,
          1,
          1,
          1,
          1,
          1,
          1,
          1,
          1,
          1,
          null,
          null,
          null
        ]
      },
      "/Users/rostammahabadi/Mod3/represent/spec/features/users/favorites_spec.rb": {
        "lines": [
          1,
          null,
          1,
          1,
          1,
          6,
          null,
          6,
          null,
          1,
          1,
          null,
          1,
          null,
          1,
          null,
          1,
          1,
          1,
          null,
          1,
          1,
          null,
          1,
          null,
          1,
          1,
          1,
          null,
          1,
          null,
          1,
          1,
          null,
          1,
          1,
          1,
          1,
          1,
          null,
          1,
          null,
          1,
          null,
          1,
          1,
          null,
          1,
          null,
          1,
          1,
          1,
          null,
          1,
          null,
          1,
          1,
          null,
          1,
          null,
          1,
          1,
          1,
          1,
          null,
          1,
          null,
          1,
          1,
          1,
          1,
          1,
          null,
          null,
          null
        ]
      },
      "/Users/rostammahabadi/Mod3/represent/spec/features/users/user_creation_spec.rb": {
        "lines": [
          1,
          null,
          1,
          1,
          null,
          1,
          1,
          null,
          null,
          null,
          null,
          null,
          null,
          null,
          null,
          1,
          null,
          1,
          1,
          null,
          1,
          null,
          null,
          null,
          1,
          1,
          null,
          1,
          null,
          1,
          null,
          1,
          null,
          1,
          null,
          1,
          null,
          null
        ]
      },
      "/Users/rostammahabadi/Mod3/represent/spec/models/bills_spec.rb": {
        "lines": [
          1,
          null,
          1,
          1,
          2,
          2,
          null,
          null
        ]
      },
      "/Users/rostammahabadi/Mod3/represent/app/models/bill.rb": {
        "lines": [
          1,
          1,
          1,
          null
        ]
      },
      "/Users/rostammahabadi/Mod3/represent/app/models/application_record.rb": {
        "lines": [
          1,
          1,
          null
        ]
      },
      "/Users/rostammahabadi/Mod3/represent/spec/models/house_favorites_spec.rb": {
        "lines": [
          1,
          null,
          1,
          1,
          2,
          null,
          null
        ]
      },
      "/Users/rostammahabadi/Mod3/represent/app/models/house_favorite.rb": {
        "lines": [
          1,
          1,
          null
        ]
      },
      "/Users/rostammahabadi/Mod3/represent/spec/models/house_members_spec.rb": {
        "lines": [
          1,
          null,
          1,
          1,
          1,
          1,
          1,
          1,
          1,
          null,
          null,
          1,
          null,
          1,
          null,
          null,
          null,
          1,
          1,
          1,
          1,
          1,
          1,
          null,
          null,
          1,
          null,
          1,
          null,
          null,
          null
        ]
      },
      "/Users/rostammahabadi/Mod3/represent/app/models/house_member.rb": {
        "lines": [
          1,
          1,
          null,
          null,
          34,
          null,
          null,
          1,
          22,
          null,
          null
        ]
      },
      "/Users/rostammahabadi/Mod3/represent/spec/models/senator_favorites_spec.rb": {
        "lines": [
          1,
          null,
          1,
          1,
          2,
          null,
          null
        ]
      },
      "/Users/rostammahabadi/Mod3/represent/app/models/senator_favorite.rb": {
        "lines": [
          1,
          1,
          null
        ]
      },
      "/Users/rostammahabadi/Mod3/represent/spec/models/senators_spec.rb": {
        "lines": [
          1,
          null,
          1,
          1,
          1,
          1,
          1,
          1,
          1,
          null,
          null,
          1,
          null,
          1,
          null,
          null,
          null,
          1,
          1,
          1,
          1,
          1,
          1,
          null,
          null,
          1,
          null,
          1,
          null,
          null,
          null
        ]
      },
      "/Users/rostammahabadi/Mod3/represent/app/models/senator.rb": {
        "lines": [
          1,
          1,
          null,
          null,
          34,
          null,
          null,
          1,
          8,
          null,
          null
        ]
      },
      "/Users/rostammahabadi/Mod3/represent/spec/models/users_spec.rb": {
        "lines": [
          1,
          null,
          1,
          1,
          2,
          2,
          2,
          2,
          null,
          null,
          1,
          2,
          2,
          2,
          null,
          null,
          null
        ]
      },
      "/Users/rostammahabadi/Mod3/represent/app/models/user.rb": {
        "lines": [
          1,
          1,
          1,
          1,
          1,
          1,
          1,
          1,
          null,
          1,
          1,
          1,
          1,
          null,
          null,
          null
        ]
      },
      "/Users/rostammahabadi/Mod3/represent/spec/services/propublica_parser_spec.rb": {
        "lines": [
          1,
          null,
          1,
          1,
          1,
          1,
          null,
          1,
          1,
          null,
          1,
          1,
          1,
          1,
          1,
          1,
          1,
          1,
          1,
          1,
          1,
          1,
          1,
          1,
          1,
          1,
          1,
          1,
          1,
          1,
          1,
          1,
          1,
          1,
          1,
          null,
          1,
          null,
          null,
          1,
          1,
          1,
          null,
          1,
          1,
          null,
          1,
          1,
          1,
          1,
          1,
          1,
          1,
          1,
          1,
          1,
          1,
          1,
          1,
          1,
          1,
          1,
          1,
          1,
          1,
          1,
          1,
          1,
          1,
          1,
          1,
          null,
          1,
          null,
          null,
          1,
          1,
          1,
          null,
          1,
          null,
          1,
          1,
          1,
          1,
          1,
          1,
          1,
          null,
          null
        ]
      },
      "/Users/rostammahabadi/Mod3/represent/app/controllers/home_controller.rb": {
        "lines": [
          1,
          1,
          1,
          null,
          null
        ]
      },
      "/Users/rostammahabadi/Mod3/represent/app/controllers/application_controller.rb": {
        "lines": [
          1,
          1,
          null,
          1,
          null,
          1,
          null,
          1,
          31,
          null,
          null
        ]
      },
      "/Users/rostammahabadi/Mod3/represent/app/models/states_helper.rb": {
        "lines": [
          1,
          1,
          null,
          null,
          null,
          null,
          null,
          null,
          null,
          null,
          null,
          null,
          null,
          null,
          null,
          null,
          null,
          null,
          null,
          null,
          null,
          null,
          null,
          null,
          null,
          null,
          null,
          null,
          null,
          null,
          null,
          null,
          null,
          null,
          null,
          null,
          null,
          null,
          null,
          null,
          null,
          null,
          null,
          null,
          null,
          null,
          null,
          null,
          null,
          null,
          null,
          null,
          null,
          null,
          null,
          null,
          null,
          null,
          null
        ]
      },
      "/Users/rostammahabadi/Mod3/represent/app/controllers/representatives_controller.rb": {
        "lines": [
          1,
          1,
          5,
          5,
          5,
          null,
          null
        ]
      },
      "/Users/rostammahabadi/Mod3/represent/app/services/propublica_parser.rb": {
        "lines": [
          1,
          null,
          1,
          9,
          null,
          null,
          1,
          4,
          4,
          1796,
          1796,
          1748,
          null,
          null,
          null,
          null,
          1,
          4,
          4,
          404,
          404,
          400,
          null,
          null,
          null,
          null,
          1,
          1,
          1,
          1,
          1,
          null,
          null,
          1,
          null,
          1,
          1796,
          1796,
          1796,
          1796,
          1796,
          1796,
          1796,
          1796,
          1796,
          1796,
          null,
          null,
          1,
          404,
          404,
          404,
          404,
          404,
          404,
          404,
          404,
          404,
          null,
          null,
          1,
          1,
          2,
          1,
          1,
          null,
          45,
          1,
          1,
          null,
          null,
          1,
          1796,
          null,
          null,
          null,
          null,
          84400,
          null,
          null,
          1,
          404,
          null,
          null,
          null,
          null,
          18988,
          null,
          null
        ]
      },
      "/Users/rostammahabadi/Mod3/represent/app/controllers/house_members_controller.rb": {
        "lines": [
          1,
          null,
          1,
          13,
          13,
          13,
          13,
          null,
          null,
          1,
          null,
          1,
          13,
          null,
          null
        ]
      },
      "/Users/rostammahabadi/Mod3/represent/app/controllers/senators_controller.rb": {
        "lines": [
          1,
          1,
          15,
          15,
          15,
          15,
          null,
          null,
          1,
          null,
          1,
          15,
          null,
          null
        ]
      },
      "/Users/rostammahabadi/Mod3/represent/app/controllers/senator_favorites_controller.rb": {
        "lines": [
          1,
          null,
          1,
          4,
          4,
          4,
          4,
          null,
          0,
          null,
          null,
          null,
          1,
          1,
          1,
          1,
          null,
          null,
          1,
          null,
          1,
          4,
          null,
          null,
          null,
          null,
          1,
          1,
          1,
          null,
          null
        ]
      },
      "/Users/rostammahabadi/Mod3/represent/app/controllers/dashboard_controller.rb": {
        "lines": [
          1,
          1,
          null
        ]
      },
      "/Users/rostammahabadi/Mod3/represent/app/controllers/house_members_favorites_controller.rb": {
        "lines": [
          1,
          1,
          3,
          3,
          3,
          3,
          null,
          0,
          null,
          null,
          null,
          1,
          1,
          1,
          1,
          null,
          null,
          1,
          null,
          1,
          3,
          null,
          null,
          null,
          null,
          1,
          1,
          1,
          null,
          null
        ]
      },
      "/Users/rostammahabadi/Mod3/represent/app/controllers/sessions_controller.rb": {
        "lines": [
          1,
          1,
          0,
          0,
          0,
          0,
          null,
          null,
          1,
          1,
          1,
          null,
          null,
          1,
          null,
          1,
          0,
          null,
          null
        ]
      }
    },
    "timestamp": 1595802343
  }
}
